<?xml version="1.0" encoding="UTF-8"?>
<!-- Generated by org.testng.reporters.JUnitReportReporter -->
<testsuite skipped="0" hostname="LAPTOP-HEN8AC4S" name="Happy.Testngyr" tests="1" failures="0" timestamp="2022-04-25T23:44:04 IST" time="5.341" errors="0">
  <testcase name="perd" time="5.341" classname="Happy.Testngyr"/>
  <system-out/>
</testsuite> <!-- Happy.Testngyr -->
