<?xml version="1.0" encoding="UTF-8"?>
<!-- Generated by org.testng.reporters.JUnitReportReporter -->
<testsuite skipped="0" hostname="LAPTOP-HEN8AC4S" name="Happy.testngd" tests="1" failures="0" timestamp="2022-04-25T23:45:22 IST" time="12.945" errors="0">
  <testcase name="testd" time="12.945" classname="Happy.testngd"/>
  <system-out/>
</testsuite> <!-- Happy.testngd -->
