<?xml version="1.0" encoding="UTF-8"?>
<!-- Generated by org.testng.reporters.JUnitReportReporter -->
<testsuite skipped="0" hostname="LAPTOP-HEN8AC4S" name="Happy.testngrevise" tests="4" failures="0" timestamp="2022-04-25T23:45:22 IST" time="8.105" errors="0">
  <testcase name="testa" time="5.363" classname="Happy.testngrevise"/>
  <system-out/>
  <testcase name="testb" time="2.729" classname="Happy.testngrevise"/>
  <system-out/>
  <testcase name="testc" time="0.005" classname="Happy.testngrevise"/>
  <system-out/>
  <testcase name="testc" time="0.008" classname="Happy.testngrevise"/>
  <system-out/>
</testsuite> <!-- Happy.testngrevise -->
